============================= test session starts ==============================
platform linux -- Python 3.14.7, pytest-9.1.1, pluggy-1.6.0
rootdir: /home/puppet-master/Projects/open.content.blogs/worker
configfile: pyproject.toml
testpaths: tests
collected 54 items / 17 deselected / 37 selected

tests/unit/test_build_cli_serve.py .........                             [ 24%]
tests/unit/test_source.py ..........                                     [ 51%]
tests/unit/test_targets.py ..................                            [100%]

====================== 37 passed, 17 deselected in 1.00s =======================
